# JRE version: Java(TM) SE Runtime Environment (8.0_102-b14) (build 1.8.0_102-b14)
# Java VM: Java HotSpot(TM) 64-Bit Server VM (25.102-b14 mixed mode windows-amd64 compressed oops)
Heap:
 PSYoungGen      total 106496K, used 92276K [0x0000000780980000, 0x000000078d980000, 0x00000007c0000000)
  eden space 98304K, 93% used [0x0000000780980000,0x000000078639d0e0,0x0000000786980000)
  from space 8192K, 0% used [0x0000000786980000,0x0000000786980000,0x0000000787180000)
  to   space 8192K, 0% used [0x000000078d180000,0x000000078d180000,0x000000078d980000)
 ParOldGen       total 65024K, used 10149K [0x0000000701c00000, 0x0000000705b80000, 0x0000000780980000)
  object space 65024K, 15% used [0x0000000701c00000,0x00000007025e9450,0x0000000705b80000)
 Metaspace       used 22480K, capacity 23002K, committed 23344K, reserved 1069056K
  class space    used 2681K, capacity 2853K, committed 2944K, reserved 1048576K
GC Heap History (8 events):
Event: 5.190 GC heap before
{Heap before GC invocations=1 (full 0):
 PSYoungGen      total 57344K, used 49152K [0x0000000780980000, 0x0000000784980000, 0x00000007c0000000)
  eden space 49152K, 100% used [0x0000000780980000,0x0000000783980000,0x0000000783980000)
  from space 8192K, 0% used [0x0000000784180000,0x0000000784180000,0x0000000784980000)
  to   space 8192K, 0% used [0x0000000783980000,0x0000000783980000,0x0000000784180000)
 ParOldGen       total 131072K, used 0K [0x0000000701c00000, 0x0000000709c00000, 0x0000000780980000)
  object space 131072K, 0% used [0x0000000701c00000,0x0000000701c00000,0x0000000709c00000)
 Metaspace       used 11006K, capacity 11216K, committed 11392K, reserved 1058816K
  class space    used 1238K, capacity 1292K, committed 1408K, reserved 1048576K
Event: 5.934 GC heap after
Heap after GC invocations=1 (full 0):
 PSYoungGen      total 57344K, used 5116K [0x0000000780980000, 0x0000000787980000, 0x00000007c0000000)
  eden space 49152K, 0% used [0x0000000780980000,0x0000000780980000,0x0000000783980000)
  from space 8192K, 62% used [0x0000000783980000,0x0000000783e7f3a8,0x0000000784180000)
  to   space 8192K, 0% used [0x0000000787180000,0x0000000787180000,0x0000000787980000)
 ParOldGen       total 131072K, used 16K [0x0000000701c00000, 0x0000000709c00000, 0x0000000780980000)
  object space 131072K, 0% used [0x0000000701c00000,0x0000000701c04000,0x0000000709c00000)
 Metaspace       used 11006K, capacity 11216K, committed 11392K, reserved 1058816K
  class space    used 1238K, capacity 1292K, committed 1408K, reserved 1048576K
}
Event: 6.939 GC heap before
{Heap before GC invocations=2 (full 0):
 PSYoungGen      total 57344K, used 54268K [0x0000000780980000, 0x0000000787980000, 0x00000007c0000000)
  eden space 49152K, 100% used [0x0000000780980000,0x0000000783980000,0x0000000783980000)
  from space 8192K, 62% used [0x0000000783980000,0x0000000783e7f3a8,0x0000000784180000)
  to   space 8192K, 0% used [0x0000000787180000,0x0000000787180000,0x0000000787980000)
 ParOldGen       total 131072K, used 16K [0x0000000701c00000, 0x0000000709c00000, 0x0000000780980000)
  object space 131072K, 0% used [0x0000000701c00000,0x0000000701c04000,0x0000000709c00000)
 Metaspace       used 14432K, capacity 14764K, committed 14848K, reserved 1062912K
  class space    used 1685K, capacity 1784K, committed 1792K, reserved 1048576K
Event: 7.080 GC heap after
Heap after GC invocations=2 (full 0):
 PSYoungGen      total 106496K, used 5680K [0x0000000780980000, 0x0000000787980000, 0x00000007c0000000)
  eden space 98304K, 0% used [0x0000000780980000,0x0000000780980000,0x0000000786980000)
  from space 8192K, 69% used [0x0000000787180000,0x000000078770c0e8,0x0000000787980000)
  to   space 8192K, 0% used [0x0000000786980000,0x0000000786980000,0x0000000787180000)
 ParOldGen       total 131072K, used 16K [0x0000000701c00000, 0x0000000709c00000, 0x0000000780980000)
  object space 131072K, 0% used [0x0000000701c00000,0x0000000701c04000,0x0000000709c00000)
 Metaspace       used 14432K, capacity 14764K, committed 14848K, reserved 1062912K
  class space    used 1685K, capacity 1784K, committed 1792K, reserved 1048576K
}
Event: 8.983 GC heap before
{Heap before GC invocations=3 (full 0):
 PSYoungGen      total 106496K, used 103932K [0x0000000780980000, 0x0000000787980000, 0x00000007c0000000)
  eden space 98304K, 99% used [0x0000000780980000,0x0000000786973020,0x0000000786980000)
  from space 8192K, 69% used [0x0000000787180000,0x000000078770c0e8,0x0000000787980000)
  to   space 8192K, 0% used [0x0000000786980000,0x0000000786980000,0x0000000787180000)
 ParOldGen       total 131072K, used 16K [0x0000000701c00000, 0x0000000709c00000, 0x0000000780980000)
  object space 131072K, 0% used [0x0000000701c00000,0x0000000701c04000,0x0000000709c00000)
 Metaspace       used 20785K, capacity 21190K, committed 21296K, reserved 1069056K
  class space    used 2494K, capacity 2651K, committed 2688K, reserved 1048576K
Event: 9.000 GC heap after
Heap after GC invocations=3 (full 0):
 PSYoungGen      total 106496K, used 8160K [0x0000000780980000, 0x000000078d980000, 0x00000007c0000000)
  eden space 98304K, 0% used [0x0000000780980000,0x0000000780980000,0x0000000786980000)
  from space 8192K, 99% used [0x0000000786980000,0x0000000787178118,0x0000000787180000)
  to   space 8192K, 0% used [0x000000078d180000,0x000000078d180000,0x000000078d980000)
 ParOldGen       total 131072K, used 2359K [0x0000000701c00000, 0x0000000709c00000, 0x0000000780980000)
  object space 131072K, 1% used [0x0000000701c00000,0x0000000701e4dfe0,0x0000000709c00000)
 Metaspace       used 20785K, capacity 21190K, committed 21296K, reserved 1069056K
  class space    used 2494K, capacity 2651K, committed 2688K, reserved 1048576K
}
Event: 9.000 GC heap before
{Heap before GC invocations=4 (full 1):
 PSYoungGen      total 106496K, used 8160K [0x0000000780980000, 0x000000078d980000, 0x00000007c0000000)
  eden space 98304K, 0% used [0x0000000780980000,0x0000000780980000,0x0000000786980000)
  from space 8192K, 99% used [0x0000000786980000,0x0000000787178118,0x0000000787180000)
  to   space 8192K, 0% used [0x000000078d180000,0x000000078d180000,0x000000078d980000)
 ParOldGen       total 131072K, used 2359K [0x0000000701c00000, 0x0000000709c00000, 0x0000000780980000)
  object space 131072K, 1% used [0x0000000701c00000,0x0000000701e4dfe0,0x0000000709c00000)
 Metaspace       used 20785K, capacity 21190K, committed 21296K, reserved 1069056K
  class space    used 2494K, capacity 2651K, committed 2688K, reserved 1048576K
Event: 9.047 GC heap after
Heap after GC invocations=4 (full 1):
 PSYoungGen      total 106496K, used 0K [0x0000000780980000, 0x000000078d980000, 0x00000007c0000000)
  eden space 98304K, 0% used [0x0000000780980000,0x0000000780980000,0x0000000786980000)
  from space 8192K, 0% used [0x0000000786980000,0x0000000786980000,0x0000000787180000)
  to   space 8192K, 0% used [0x000000078d180000,0x000000078d180000,0x000000078d980000)
 ParOldGen       total 65024K, used 10149K [0x0000000701c00000, 0x0000000705b80000, 0x0000000780980000)
  object space 65024K, 15% used [0x0000000701c00000,0x00000007025e9450,0x0000000705b80000)
 Metaspace       used 20785K, capacity 21190K, committed 21296K, reserved 1069056K
  class space    used 2494K, capacity 2651K, committed 2688K, reserved 1048576K
}

